<?xml version="1.0" encoding="UTF-8"?>
<coverage generated="1658496657841" clover="3.2.0">
  <project timestamp="1658496657841" name="All files">
    <metrics statements="38" coveredstatements="38" conditionals="16" coveredconditionals="15" methods="9" coveredmethods="9" elements="63" coveredelements="62" complexity="0" loc="38" ncloc="38" packages="1" files="1" classes="1"/>
    <file name="forca.js" path="/home/matheuspessoa/me/startdb-2022/desafio/forca.js">
      <metrics statements="38" coveredstatements="38" conditionals="16" coveredconditionals="15" methods="9" coveredmethods="9"/>
      <line num="3" count="11" type="stmt"/>
      <line num="4" count="11" type="stmt"/>
      <line num="5" count="11" type="stmt"/>
      <line num="6" count="11" type="stmt"/>
      <line num="10" count="13" type="stmt"/>
      <line num="11" count="13" type="stmt"/>
      <line num="12" count="65" type="stmt"/>
      <line num="14" count="13" type="stmt"/>
      <line num="18" count="29" type="cond" truecount="2" falsecount="0"/>
      <line num="19" count="1" type="stmt"/>
      <line num="20" count="1" type="stmt"/>
      <line num="22" count="1" type="stmt"/>
      <line num="25" count="28" type="cond" truecount="2" falsecount="0"/>
      <line num="26" count="1" type="stmt"/>
      <line num="27" count="1" type="stmt"/>
      <line num="29" count="1" type="stmt"/>
      <line num="32" count="27" type="cond" truecount="1" falsecount="1"/>
      <line num="33" count="27" type="stmt"/>
      <line num="38" count="27" type="stmt"/>
      <line num="40" count="27" type="cond" truecount="2" falsecount="0"/>
      <line num="41" count="11" type="stmt"/>
      <line num="43" count="11" type="stmt"/>
      <line num="45" count="55" type="cond" truecount="2" falsecount="0"/>
      <line num="46" count="55" type="stmt"/>
      <line num="48" count="16" type="stmt"/>
      <line num="50" count="16" type="stmt"/>
      <line num="51" count="16" type="stmt"/>
      <line num="56" count="3" type="cond" truecount="2" falsecount="0"/>
      <line num="57" count="1" type="stmt"/>
      <line num="58" count="2" type="cond" truecount="4" falsecount="0"/>
      <line num="60" count="1" type="stmt"/>
      <line num="62" count="1" type="stmt"/>
      <line num="64" count="1" type="stmt"/>
      <line num="69" count="5" type="stmt"/>
      <line num="70" count="5" type="stmt"/>
      <line num="71" count="5" type="stmt"/>
      <line num="73" count="5" type="stmt"/>
      <line num="81" count="6" type="stmt"/>
    </file>
  </project>
</coverage>
