{"/home/matheuspessoa/me/startdb-2022/desafio/forca.js": {"path":"/home/matheuspessoa/me/startdb-2022/desafio/forca.js","statementMap":{"0":{"start":{"line":3,"column":4},"end":{"line":3,"column":29}},"1":{"start":{"line":4,"column":4},"end":{"line":4,"column":19}},"2":{"start":{"line":5,"column":4},"end":{"line":5,"column":32}},"3":{"start":{"line":6,"column":4},"end":{"line":6,"column":44}},"4":{"start":{"line":10,"column":27},"end":{"line":10,"column":29}},"5":{"start":{"line":11,"column":4},"end":{"line":13,"column":5}},"6":{"start":{"line":11,"column":17},"end":{"line":11,"column":18}},"7":{"start":{"line":12,"column":6},"end":{"line":12,"column":31}},"8":{"start":{"line":14,"column":4},"end":{"line":14,"column":26}},"9":{"start":{"line":18,"column":4},"end":{"line":23,"column":5}},"10":{"start":{"line":19,"column":33},"end":{"line":19,"column":72}},"11":{"start":{"line":20,"column":6},"end":{"line":20,"column":47}},"12":{"start":{"line":22,"column":6},"end":{"line":22,"column":32}},"13":{"start":{"line":25,"column":4},"end":{"line":30,"column":5}},"14":{"start":{"line":26,"column":36},"end":{"line":26,"column":70}},"15":{"start":{"line":27,"column":6},"end":{"line":27,"column":50}},"16":{"start":{"line":29,"column":6},"end":{"line":29,"column":35}},"17":{"start":{"line":32,"column":4},"end":{"line":34,"column":5}},"18":{"start":{"line":33,"column":6},"end":{"line":33,"column":37}},"19":{"start":{"line":38,"column":27},"end":{"line":38,"column":46}},"20":{"start":{"line":40,"column":4},"end":{"line":52,"column":5}},"21":{"start":{"line":41,"column":6},"end":{"line":41,"column":38}},"22":{"start":{"line":43,"column":22},"end":{"line":46,"column":49}},"23":{"start":{"line":45,"column":28},"end":{"line":45,"column":52}},"24":{"start":{"line":46,"column":25},"end":{"line":46,"column":48}},"25":{"start":{"line":48,"column":6},"end":{"line":48,"column":60}},"26":{"start":{"line":48,"column":32},"end":{"line":48,"column":57}},"27":{"start":{"line":50,"column":6},"end":{"line":50,"column":22}},"28":{"start":{"line":51,"column":6},"end":{"line":51,"column":38}},"29":{"start":{"line":56,"column":4},"end":{"line":65,"column":5}},"30":{"start":{"line":57,"column":6},"end":{"line":57,"column":22}},"31":{"start":{"line":58,"column":11},"end":{"line":65,"column":5}},"32":{"start":{"line":60,"column":6},"end":{"line":60,"column":39}},"33":{"start":{"line":62,"column":6},"end":{"line":62,"column":22}},"34":{"start":{"line":64,"column":6},"end":{"line":64,"column":32}},"35":{"start":{"line":69,"column":27},"end":{"line":69,"column":46}},"36":{"start":{"line":70,"column":18},"end":{"line":70,"column":28}},"37":{"start":{"line":71,"column":20},"end":{"line":71,"column":32}},"38":{"start":{"line":73,"column":4},"end":{"line":77,"column":6}},"39":{"start":{"line":81,"column":0},"end":{"line":81,"column":23}}},"fnMap":{"0":{"name":"(anonymous_0)","decl":{"start":{"line":2,"column":2},"end":{"line":2,"column":3}},"loc":{"start":{"line":2,"column":21},"end":{"line":7,"column":3}},"line":2},"1":{"name":"(anonymous_1)","decl":{"start":{"line":9,"column":2},"end":{"line":9,"column":3}},"loc":{"start":{"line":9,"column":22},"end":{"line":15,"column":3}},"line":9},"2":{"name":"(anonymous_2)","decl":{"start":{"line":17,"column":2},"end":{"line":17,"column":3}},"loc":{"start":{"line":17,"column":16},"end":{"line":35,"column":3}},"line":17},"3":{"name":"(anonymous_3)","decl":{"start":{"line":37,"column":2},"end":{"line":37,"column":3}},"loc":{"start":{"line":37,"column":28},"end":{"line":53,"column":3}},"line":37},"4":{"name":"(anonymous_4)","decl":{"start":{"line":45,"column":13},"end":{"line":45,"column":14}},"loc":{"start":{"line":45,"column":28},"end":{"line":45,"column":52}},"line":45},"5":{"name":"(anonymous_5)","decl":{"start":{"line":46,"column":16},"end":{"line":46,"column":17}},"loc":{"start":{"line":46,"column":25},"end":{"line":46,"column":48}},"line":46},"6":{"name":"(anonymous_6)","decl":{"start":{"line":48,"column":22},"end":{"line":48,"column":23}},"loc":{"start":{"line":48,"column":32},"end":{"line":48,"column":57}},"line":48},"7":{"name":"(anonymous_7)","decl":{"start":{"line":55,"column":2},"end":{"line":55,"column":3}},"loc":{"start":{"line":55,"column":17},"end":{"line":66,"column":3}},"line":55},"8":{"name":"(anonymous_8)","decl":{"start":{"line":68,"column":2},"end":{"line":68,"column":3}},"loc":{"start":{"line":68,"column":22},"end":{"line":78,"column":3}},"line":68}},"branchMap":{"0":{"loc":{"start":{"line":18,"column":4},"end":{"line":23,"column":5}},"type":"if","locations":[{"start":{"line":18,"column":4},"end":{"line":23,"column":5}},{"start":{},"end":{}}],"line":18},"1":{"loc":{"start":{"line":25,"column":4},"end":{"line":30,"column":5}},"type":"if","locations":[{"start":{"line":25,"column":4},"end":{"line":30,"column":5}},{"start":{},"end":{}}],"line":25},"2":{"loc":{"start":{"line":32,"column":4},"end":{"line":34,"column":5}},"type":"if","locations":[{"start":{"line":32,"column":4},"end":{"line":34,"column":5}},{"start":{},"end":{}}],"line":32},"3":{"loc":{"start":{"line":40,"column":4},"end":{"line":52,"column":5}},"type":"if","locations":[{"start":{"line":40,"column":4},"end":{"line":52,"column":5}},{"start":{"line":49,"column":11},"end":{"line":52,"column":5}}],"line":40},"4":{"loc":{"start":{"line":45,"column":28},"end":{"line":45,"column":52}},"type":"cond-expr","locations":[{"start":{"line":45,"column":44},"end":{"line":45,"column":47}},{"start":{"line":45,"column":50},"end":{"line":45,"column":52}}],"line":45},"5":{"loc":{"start":{"line":56,"column":4},"end":{"line":65,"column":5}},"type":"if","locations":[{"start":{"line":56,"column":4},"end":{"line":65,"column":5}},{"start":{"line":58,"column":11},"end":{"line":65,"column":5}}],"line":56},"6":{"loc":{"start":{"line":58,"column":11},"end":{"line":65,"column":5}},"type":"if","locations":[{"start":{"line":58,"column":11},"end":{"line":65,"column":5}},{"start":{"line":63,"column":11},"end":{"line":65,"column":5}}],"line":58},"7":{"loc":{"start":{"line":58,"column":15},"end":{"line":58,"column":61}},"type":"binary-expr","locations":[{"start":{"line":58,"column":15},"end":{"line":58,"column":30}},{"start":{"line":58,"column":34},"end":{"line":58,"column":61}}],"line":58}},"s":{"0":11,"1":11,"2":11,"3":11,"4":13,"5":13,"6":13,"7":65,"8":13,"9":29,"10":1,"11":1,"12":1,"13":28,"14":1,"15":1,"16":1,"17":27,"18":27,"19":27,"20":27,"21":11,"22":11,"23":55,"24":55,"25":11,"26":16,"27":16,"28":16,"29":3,"30":1,"31":2,"32":1,"33":1,"34":1,"35":5,"36":5,"37":5,"38":5,"39":6},"f":{"0":11,"1":13,"2":29,"3":27,"4":55,"5":55,"6":16,"7":3,"8":5},"b":{"0":[1,28],"1":[1,27],"2":[27,0],"3":[11,16],"4":[16,39],"5":[1,2],"6":[1,1],"7":[2,2]},"_coverageSchema":"1a1c01bbd47fc00a2c39e90264f33305004495a9","hash":"ea32133aa08c650acbb1594c2fc30321f9d54df4"}
}
