TN:
SF:desafio/forca.js
FN:2,(anonymous_0)
FN:9,(anonymous_1)
FN:17,(anonymous_2)
FN:37,(anonymous_3)
FN:45,(anonymous_4)
FN:46,(anonymous_5)
FN:48,(anonymous_6)
FN:55,(anonymous_7)
FN:68,(anonymous_8)
FNF:9
FNH:9
FNDA:11,(anonymous_0)
FNDA:13,(anonymous_1)
FNDA:29,(anonymous_2)
FNDA:27,(anonymous_3)
FNDA:55,(anonymous_4)
FNDA:55,(anonymous_5)
FNDA:16,(anonymous_6)
FNDA:3,(anonymous_7)
FNDA:5,(anonymous_8)
DA:3,11
DA:4,11
DA:5,11
DA:6,11
DA:10,13
DA:11,13
DA:12,65
DA:14,13
DA:18,29
DA:19,1
DA:20,1
DA:22,1
DA:25,28
DA:26,1
DA:27,1
DA:29,1
DA:32,27
DA:33,27
DA:38,27
DA:40,27
DA:41,11
DA:43,11
DA:45,55
DA:46,55
DA:48,16
DA:50,16
DA:51,16
DA:56,3
DA:57,1
DA:58,2
DA:60,1
DA:62,1
DA:64,1
DA:69,5
DA:70,5
DA:71,5
DA:73,5
DA:81,6
LF:38
LH:38
BRDA:18,0,0,1
BRDA:18,0,1,28
BRDA:25,1,0,1
BRDA:25,1,1,27
BRDA:32,2,0,27
BRDA:32,2,1,0
BRDA:40,3,0,11
BRDA:40,3,1,16
BRDA:45,4,0,16
BRDA:45,4,1,39
BRDA:56,5,0,1
BRDA:56,5,1,2
BRDA:58,6,0,1
BRDA:58,6,1,1
BRDA:58,7,0,2
BRDA:58,7,1,2
BRF:16
BRH:15
end_of_record
